2015-10-19 12:20:03,679  INFO (EntryPoint.java:38) - Por favor, seleccione la modalidad para la ejecución: 
2015-10-19 12:20:03,727  INFO (EntryPoint.java:39) - 1. Encadenamiento hacia adelante.
2015-10-19 12:20:03,727  INFO (EntryPoint.java:40) - 2. Encadenamiento hacia atras.
2015-10-19 12:20:03,728  INFO (EntryPoint.java:41) - 3. Red Semantica.
2015-10-19 12:20:15,586  INFO (EntryPoint.java:204) - Ingrese el nombre de la nueva relacion o 0 para terminar: 
2015-10-19 12:20:22,945  INFO (EntryPoint.java:210) - Ingrese el nombre de la nueva relacion o 0 para terminar: 
2015-10-19 12:20:26,939  INFO (EntryPoint.java:210) - Ingrese el nombre de la nueva relacion o 0 para terminar: 
2015-10-19 12:20:29,074  INFO (EntryPoint.java:210) - Ingrese el nombre de la nueva relacion o 0 para terminar: 
2015-10-19 12:20:30,995  INFO (EntryPoint.java:189) - Ingrese el nombre de la nueva premisa o 0 para terminar: 
2015-10-19 12:20:40,495  INFO (EntryPoint.java:195) - Ingrese el nombre de la nueva premisa o 0 para terminar: 
2015-10-19 12:20:47,463  INFO (EntryPoint.java:195) - Ingrese el nombre de la nueva premisa o 0 para terminar: 
2015-10-19 12:20:49,866  INFO (EntryPoint.java:282) - Agrega una nueva relacion? (S/N)
2015-10-19 12:20:56,180  INFO (EntryPoint.java:230) - Elija el tipo de nueva relacion de la red: 
2015-10-19 12:20:56,180  INFO (EntryPoint.java:222) - 1) ----a--->
2015-10-19 12:20:56,181  INFO (EntryPoint.java:222) - 2) ----b--->
2015-10-19 12:20:56,181  INFO (EntryPoint.java:222) - 3) ----c--->
2015-10-19 12:20:56,184  INFO (EntryPoint.java:232) - Ingrese el numero: 
2015-10-19 12:21:42,244  INFO (EntryPoint.java:38) - Por favor, seleccione la modalidad para la ejecución: 
2015-10-19 12:21:42,247  INFO (EntryPoint.java:39) - 1. Encadenamiento hacia adelante.
2015-10-19 12:21:42,247  INFO (EntryPoint.java:40) - 2. Encadenamiento hacia atras.
2015-10-19 12:21:42,247  INFO (EntryPoint.java:41) - 3. Red Semantica.
2015-10-19 12:22:03,224  INFO (EntryPoint.java:204) - Ingrese el nombre de la nueva relacion o 0 para terminar: 
2015-10-19 12:22:15,866  INFO (EntryPoint.java:210) - Ingrese el nombre de la nueva relacion o 0 para terminar: 
2015-10-19 12:22:45,394  INFO (EntryPoint.java:210) - Ingrese el nombre de la nueva relacion o 0 para terminar: 
2015-10-19 12:22:56,422  INFO (EntryPoint.java:189) - Ingrese el nombre de la nueva premisa o 0 para terminar: 
2015-10-19 12:24:17,155  INFO (EntryPoint.java:38) - Por favor, seleccione la modalidad para la ejecución: 
2015-10-19 12:24:17,158  INFO (EntryPoint.java:39) - 1. Encadenamiento hacia adelante.
2015-10-19 12:24:17,159  INFO (EntryPoint.java:40) - 2. Encadenamiento hacia atras.
2015-10-19 12:24:17,159  INFO (EntryPoint.java:41) - 3. Red Semantica.
2015-10-19 12:24:26,231  INFO (EntryPoint.java:204) - Ingrese el nombre del nuevo TIPO DE RELACION o 0 para terminar: 
2015-10-19 12:24:32,619  INFO (EntryPoint.java:210) - Ingrese el nombre del nuevo TIPO DE RELACION o 0 para terminar: 
2015-10-19 12:24:40,344  INFO (EntryPoint.java:210) - Ingrese el nombre del nuevo TIPO DE RELACION o 0 para terminar: 
2015-10-19 12:24:48,923  INFO (EntryPoint.java:210) - Ingrese el nombre del nuevo TIPO DE RELACION o 0 para terminar: 
2015-10-19 12:24:54,221  INFO (EntryPoint.java:189) - Ingrese el nombre de la nueva PREMISA o 0 para terminar: 
2015-10-19 12:24:58,010  INFO (EntryPoint.java:195) - Ingrese el nombre de la nueva PREMISA o 0 para terminar: 
2015-10-19 12:25:00,171  INFO (EntryPoint.java:195) - Ingrese el nombre de la nueva PREMISA o 0 para terminar: 
2015-10-19 12:25:01,869  INFO (EntryPoint.java:195) - Ingrese el nombre de la nueva PREMISA o 0 para terminar: 
2015-10-19 12:25:05,748  INFO (EntryPoint.java:195) - Ingrese el nombre de la nueva PREMISA o 0 para terminar: 
2015-10-19 12:25:08,633  INFO (EntryPoint.java:282) - Agrega una nueva relacion? (S/N)
2015-10-19 12:25:14,288  INFO (EntryPoint.java:230) - Elija el tipo de nueva relacion de la red: 
2015-10-19 12:25:14,289  INFO (EntryPoint.java:222) - 1) ----es_un--->
2015-10-19 12:25:14,293  INFO (EntryPoint.java:222) - 2) ----mayor_que--->
2015-10-19 12:25:14,294  INFO (EntryPoint.java:222) - 3) ----menor_que--->
2015-10-19 12:25:14,294  INFO (EntryPoint.java:232) - Ingrese el numero: 
2015-10-19 12:25:20,573  INFO (EntryPoint.java:260) - Seleccione la primer premisa: XX ----es_un--->YY
2015-10-19 12:25:20,574  INFO (EntryPoint.java:250) - 1) a
2015-10-19 12:25:20,574  INFO (EntryPoint.java:250) - 2) b
2015-10-19 12:25:20,574  INFO (EntryPoint.java:250) - 3) c
2015-10-19 12:25:20,574  INFO (EntryPoint.java:250) - 4) a1
2015-10-19 12:25:20,575  INFO (EntryPoint.java:265) - Ingrese el numero: 
2015-10-19 12:25:31,705  INFO (EntryPoint.java:262) - Seleccione la segunda premisa: a ----es_un--->YY
2015-10-19 12:25:31,706  INFO (EntryPoint.java:250) - 1) a
2015-10-19 12:25:31,706  INFO (EntryPoint.java:250) - 2) b
2015-10-19 12:25:31,706  INFO (EntryPoint.java:250) - 3) c
2015-10-19 12:25:31,707  INFO (EntryPoint.java:250) - 4) a1
2015-10-19 12:25:31,707  INFO (EntryPoint.java:265) - Ingrese el numero: 
2015-10-19 12:25:57,443  INFO (EntryPoint.java:291) - Se ha agregado la nueva relacion: a	----es_un--->	a1
2015-10-19 12:25:57,443  INFO (EntryPoint.java:292) - Agrega una nueva relacion? (S/N)
2015-10-19 12:26:29,440  INFO (EntryPoint.java:230) - Elija el tipo de nueva relacion de la red: 
2015-10-19 12:26:29,440  INFO (EntryPoint.java:222) - 1) ----es_un--->
2015-10-19 12:26:29,443  INFO (EntryPoint.java:222) - 2) ----mayor_que--->
2015-10-19 12:26:29,443  INFO (EntryPoint.java:222) - 3) ----menor_que--->
2015-10-19 12:26:29,444  INFO (EntryPoint.java:232) - Ingrese el numero: 
2015-10-19 12:26:44,442  INFO (EntryPoint.java:260) - Seleccione la primer premisa: XX ----mayor_que--->YY
2015-10-19 12:26:44,442  INFO (EntryPoint.java:250) - 1) a
2015-10-19 12:26:44,443  INFO (EntryPoint.java:250) - 2) b
2015-10-19 12:26:44,443  INFO (EntryPoint.java:250) - 3) c
2015-10-19 12:26:44,443  INFO (EntryPoint.java:250) - 4) a1
2015-10-19 12:26:44,443  INFO (EntryPoint.java:265) - Ingrese el numero: 
2015-10-19 12:26:49,309  INFO (EntryPoint.java:262) - Seleccione la segunda premisa: b ----mayor_que--->YY
2015-10-19 12:26:49,310  INFO (EntryPoint.java:250) - 1) a
2015-10-19 12:26:49,310  INFO (EntryPoint.java:250) - 2) b
2015-10-19 12:26:49,311  INFO (EntryPoint.java:250) - 3) c
2015-10-19 12:26:49,312  INFO (EntryPoint.java:250) - 4) a1
2015-10-19 12:26:49,312  INFO (EntryPoint.java:265) - Ingrese el numero: 
2015-10-19 12:26:54,750  INFO (EntryPoint.java:291) - Se ha agregado la nueva relacion: b	----mayor_que--->	a
2015-10-19 12:26:54,750  INFO (EntryPoint.java:292) - Agrega una nueva relacion? (S/N)
2015-10-19 12:26:57,765  INFO (EntryPoint.java:230) - Elija el tipo de nueva relacion de la red: 
2015-10-19 12:26:57,766  INFO (EntryPoint.java:222) - 1) ----es_un--->
2015-10-19 12:26:57,766  INFO (EntryPoint.java:222) - 2) ----mayor_que--->
2015-10-19 12:26:57,766  INFO (EntryPoint.java:222) - 3) ----menor_que--->
2015-10-19 12:26:57,767  INFO (EntryPoint.java:232) - Ingrese el numero: 
2015-10-19 12:27:04,645  INFO (EntryPoint.java:260) - Seleccione la primer premisa: XX ----mayor_que--->YY
2015-10-19 12:27:04,646  INFO (EntryPoint.java:250) - 1) a
2015-10-19 12:27:04,646  INFO (EntryPoint.java:250) - 2) b
2015-10-19 12:27:04,646  INFO (EntryPoint.java:250) - 3) c
2015-10-19 12:27:04,647  INFO (EntryPoint.java:250) - 4) a1
2015-10-19 12:27:04,647  INFO (EntryPoint.java:265) - Ingrese el numero: 
2015-10-19 12:27:31,708  INFO (EntryPoint.java:272) - Seleccion incorrecta!
2015-10-19 12:27:31,709  INFO (EntryPoint.java:260) - Seleccione la primer premisa: XX ----mayor_que--->YY
2015-10-19 12:27:31,709  INFO (EntryPoint.java:250) - 1) a
2015-10-19 12:27:31,709  INFO (EntryPoint.java:250) - 2) b
2015-10-19 12:27:31,709  INFO (EntryPoint.java:250) - 3) c
2015-10-19 12:27:31,709  INFO (EntryPoint.java:250) - 4) a1
2015-10-19 12:27:31,709  INFO (EntryPoint.java:265) - Ingrese el numero: 
2015-10-19 12:27:37,594  INFO (EntryPoint.java:272) - Seleccion incorrecta!
2015-10-19 12:27:37,595  INFO (EntryPoint.java:260) - Seleccione la primer premisa: XX ----mayor_que--->YY
2015-10-19 12:27:37,595  INFO (EntryPoint.java:250) - 1) a
2015-10-19 12:27:37,595  INFO (EntryPoint.java:250) - 2) b
2015-10-19 12:27:37,596  INFO (EntryPoint.java:250) - 3) c
2015-10-19 12:27:37,596  INFO (EntryPoint.java:250) - 4) a1
2015-10-19 12:27:37,596  INFO (EntryPoint.java:265) - Ingrese el numero: 
2015-10-19 12:27:44,282  INFO (EntryPoint.java:262) - Seleccione la segunda premisa: c ----mayor_que--->YY
2015-10-19 12:27:44,282  INFO (EntryPoint.java:250) - 1) a
2015-10-19 12:27:44,283  INFO (EntryPoint.java:250) - 2) b
2015-10-19 12:27:44,283  INFO (EntryPoint.java:250) - 3) c
2015-10-19 12:27:44,283  INFO (EntryPoint.java:250) - 4) a1
2015-10-19 12:27:44,283  INFO (EntryPoint.java:265) - Ingrese el numero: 
2015-10-19 12:27:48,530  INFO (EntryPoint.java:291) - Se ha agregado la nueva relacion: c	----mayor_que--->	b
2015-10-19 12:27:48,530  INFO (EntryPoint.java:292) - Agrega una nueva relacion? (S/N)
2015-10-19 12:27:56,936  INFO (EntryPoint.java:230) - Elija el tipo de nueva relacion de la red: 
2015-10-19 12:27:56,937  INFO (EntryPoint.java:222) - 1) ----es_un--->
2015-10-19 12:27:56,937  INFO (EntryPoint.java:222) - 2) ----mayor_que--->
2015-10-19 12:27:56,937  INFO (EntryPoint.java:222) - 3) ----menor_que--->
2015-10-19 12:27:56,937  INFO (EntryPoint.java:232) - Ingrese el numero: 
2015-10-19 12:28:04,098  INFO (EntryPoint.java:260) - Seleccione la primer premisa: XX ----es_un--->YY
2015-10-19 12:28:04,098  INFO (EntryPoint.java:250) - 1) a
2015-10-19 12:28:04,099  INFO (EntryPoint.java:250) - 2) b
2015-10-19 12:28:04,099  INFO (EntryPoint.java:250) - 3) c
2015-10-19 12:28:04,099  INFO (EntryPoint.java:250) - 4) a1
2015-10-19 12:28:04,099  INFO (EntryPoint.java:265) - Ingrese el numero: 
2015-10-19 12:28:07,430  INFO (EntryPoint.java:262) - Seleccione la segunda premisa: a1 ----es_un--->YY
2015-10-19 12:28:07,430  INFO (EntryPoint.java:250) - 1) a
2015-10-19 12:28:07,430  INFO (EntryPoint.java:250) - 2) b
2015-10-19 12:28:07,430  INFO (EntryPoint.java:250) - 3) c
2015-10-19 12:28:07,431  INFO (EntryPoint.java:250) - 4) a1
2015-10-19 12:28:07,431  INFO (EntryPoint.java:265) - Ingrese el numero: 
2015-10-19 12:28:09,790  INFO (EntryPoint.java:291) - Se ha agregado la nueva relacion: a1	----es_un--->	a
2015-10-19 12:28:09,791  INFO (EntryPoint.java:292) - Agrega una nueva relacion? (S/N)
2015-10-19 12:28:13,064  INFO (EntryPoint.java:230) - Elija el tipo de nueva relacion de la red: 
2015-10-19 12:28:13,065  INFO (EntryPoint.java:222) - 1) ----es_un--->
2015-10-19 12:28:13,065  INFO (EntryPoint.java:222) - 2) ----mayor_que--->
2015-10-19 12:28:13,065  INFO (EntryPoint.java:222) - 3) ----menor_que--->
2015-10-19 12:28:13,065  INFO (EntryPoint.java:232) - Ingrese el numero: 
2015-10-19 12:28:24,667  INFO (EntryPoint.java:260) - Seleccione la primer premisa: XX ----menor_que--->YY
2015-10-19 12:28:24,668  INFO (EntryPoint.java:250) - 1) a
2015-10-19 12:28:24,668  INFO (EntryPoint.java:250) - 2) b
2015-10-19 12:28:24,668  INFO (EntryPoint.java:250) - 3) c
2015-10-19 12:28:24,669  INFO (EntryPoint.java:250) - 4) a1
2015-10-19 12:28:24,669  INFO (EntryPoint.java:265) - Ingrese el numero: 
2015-10-19 12:28:31,219  INFO (EntryPoint.java:262) - Seleccione la segunda premisa: a ----menor_que--->YY
2015-10-19 12:28:31,220  INFO (EntryPoint.java:250) - 1) a
2015-10-19 12:28:31,220  INFO (EntryPoint.java:250) - 2) b
2015-10-19 12:28:31,220  INFO (EntryPoint.java:250) - 3) c
2015-10-19 12:28:31,221  INFO (EntryPoint.java:250) - 4) a1
2015-10-19 12:28:31,221  INFO (EntryPoint.java:265) - Ingrese el numero: 
2015-10-19 12:28:39,834  INFO (EntryPoint.java:291) - Se ha agregado la nueva relacion: a	----menor_que--->	c
2015-10-19 12:28:39,835  INFO (EntryPoint.java:292) - Agrega una nueva relacion? (S/N)
2015-10-19 12:28:44,594  INFO (EntryPoint.java:230) - Elija el tipo de nueva relacion de la red: 
2015-10-19 12:28:44,595  INFO (EntryPoint.java:222) - 1) ----es_un--->
2015-10-19 12:28:44,595  INFO (EntryPoint.java:222) - 2) ----mayor_que--->
2015-10-19 12:28:44,596  INFO (EntryPoint.java:222) - 3) ----menor_que--->
2015-10-19 12:28:44,596  INFO (EntryPoint.java:232) - Ingrese el numero: 
2015-10-19 12:29:20,358  INFO (EntryPoint.java:260) - Seleccione la primer premisa: XX ----mayor_que--->YY
2015-10-19 12:29:20,358  INFO (EntryPoint.java:250) - 1) a
2015-10-19 12:29:20,359  INFO (EntryPoint.java:250) - 2) b
2015-10-19 12:29:20,359  INFO (EntryPoint.java:250) - 3) c
2015-10-19 12:29:20,359  INFO (EntryPoint.java:250) - 4) a1
2015-10-19 12:29:20,359  INFO (EntryPoint.java:265) - Ingrese el numero: 
2015-10-19 12:29:36,800  INFO (EntryPoint.java:262) - Seleccione la segunda premisa: c ----mayor_que--->YY
2015-10-19 12:29:36,801  INFO (EntryPoint.java:250) - 1) a
2015-10-19 12:29:36,801  INFO (EntryPoint.java:250) - 2) b
2015-10-19 12:29:36,801  INFO (EntryPoint.java:250) - 3) c
2015-10-19 12:29:36,801  INFO (EntryPoint.java:250) - 4) a1
2015-10-19 12:29:36,801  INFO (EntryPoint.java:265) - Ingrese el numero: 
2015-10-19 12:29:44,598  INFO (EntryPoint.java:291) - Se ha agregado la nueva relacion: c	----mayor_que--->	a
2015-10-19 12:29:44,600  INFO (EntryPoint.java:292) - Agrega una nueva relacion? (S/N)
2015-10-19 12:29:47,174  INFO (EntryPoint.java:183) - Red Semantica creada: 
2015-10-19 12:29:47,175  INFO (RedSemantica.java:61) - Relaciones de 'a'
2015-10-19 12:29:47,175  INFO (RedSemantica.java:63) - a	----es_un--->	a1
2015-10-19 12:29:47,175  INFO (RedSemantica.java:63) - a	----menor_que--->	c
2015-10-19 12:29:47,176  INFO (RedSemantica.java:65) - 
2015-10-19 12:29:47,176  INFO (RedSemantica.java:61) - Relaciones de 'a1'
2015-10-19 12:29:47,176  INFO (RedSemantica.java:63) - a1	----es_un--->	a
2015-10-19 12:29:47,176  INFO (RedSemantica.java:65) - 
2015-10-19 12:29:47,176  INFO (RedSemantica.java:61) - Relaciones de 'b'
2015-10-19 12:29:47,177  INFO (RedSemantica.java:63) - b	----mayor_que--->	a
2015-10-19 12:29:47,177  INFO (RedSemantica.java:65) - 
2015-10-19 12:29:47,177  INFO (RedSemantica.java:61) - Relaciones de 'c'
2015-10-19 12:29:47,177  INFO (RedSemantica.java:63) - c	----mayor_que--->	b
2015-10-19 12:29:47,177  INFO (RedSemantica.java:63) - c	----mayor_que--->	a
2015-10-19 12:29:47,178  INFO (RedSemantica.java:65) - 
2015-10-19 12:52:05,476  INFO (EntryPoint.java:38) - Por favor, seleccione la modalidad para la ejecución: 
2015-10-19 12:52:05,479  INFO (EntryPoint.java:39) - 1. Encadenamiento hacia adelante.
2015-10-19 12:52:05,479  INFO (EntryPoint.java:40) - 2. Encadenamiento hacia atras.
2015-10-19 12:52:05,479  INFO (EntryPoint.java:41) - 3. Red Semantica.
2015-10-19 12:52:12,108  INFO (EntryPoint.java:175) - Desea usar set de datos de ejemplo precargados? (S/N)
2015-10-19 12:52:16,303  INFO (EntryPoint.java:319) - 
2015-10-19 12:52:16,303  INFO (EntryPoint.java:320) - Tipo de Relaciones del set de datos: 
2015-10-19 12:52:16,304  INFO (EntryPoint.java:231) - 1) ----es_un--->
2015-10-19 12:52:16,304  INFO (EntryPoint.java:231) - 2) ----mayor_que--->
2015-10-19 12:52:16,304  INFO (EntryPoint.java:231) - 3) ----menor_que--->
2015-10-19 12:52:16,307  INFO (EntryPoint.java:335) - 
2015-10-19 12:52:16,307  INFO (EntryPoint.java:336) - Premisas del set de datos: 
2015-10-19 12:52:16,307  INFO (EntryPoint.java:259) - 1) a
2015-10-19 12:52:16,307  INFO (EntryPoint.java:259) - 2) b
2015-10-19 12:52:16,308  INFO (EntryPoint.java:259) - 3) c
2015-10-19 12:52:16,308  INFO (EntryPoint.java:259) - 4) a1
2015-10-19 12:52:16,312  INFO (EntryPoint.java:259) - 5) b1
2015-10-19 12:52:23,092  INFO (EntryPoint.java:192) - Red Semantica creada: 
2015-10-19 12:52:23,094  INFO (RedSemantica.java:61) - Relaciones de 'a'
2015-10-19 12:52:23,094  INFO (RedSemantica.java:63) - a----es_un--->a1
2015-10-19 12:52:23,095  INFO (RedSemantica.java:63) - a----menor_que--->b
2015-10-19 12:52:23,095  INFO (RedSemantica.java:65) - 
2015-10-19 12:52:23,095  INFO (RedSemantica.java:61) - Relaciones de 'a1'
2015-10-19 12:52:23,095  INFO (RedSemantica.java:63) - a1----es_un--->a
2015-10-19 12:52:23,096  INFO (RedSemantica.java:63) - a1----menor_que--->c
2015-10-19 12:52:23,096  INFO (RedSemantica.java:65) - 
2015-10-19 12:52:23,096  INFO (RedSemantica.java:61) - Relaciones de 'b'
2015-10-19 12:52:23,096  INFO (RedSemantica.java:63) - b----menor_que--->c
2015-10-19 12:52:23,097  INFO (RedSemantica.java:63) - b----mayor_que--->a
2015-10-19 12:52:23,097  INFO (RedSemantica.java:63) - b----mayor_que--->a1
2015-10-19 12:52:23,097  INFO (RedSemantica.java:63) - b----mayor_que--->a
2015-10-19 12:52:23,097  INFO (RedSemantica.java:63) - b----es_un--->b1
2015-10-19 12:52:23,097  INFO (RedSemantica.java:65) - 
2015-10-19 12:52:23,098  INFO (RedSemantica.java:61) - Relaciones de 'b1'
2015-10-19 12:52:23,098  INFO (RedSemantica.java:63) - b1----es_un--->b
2015-10-19 12:52:23,098  INFO (RedSemantica.java:63) - b1----mayor_que--->a
2015-10-19 12:52:23,098  INFO (RedSemantica.java:65) - 
2015-10-19 12:56:39,751  INFO (EntryPoint.java:38) - Por favor, seleccione la modalidad para la ejecución: 
2015-10-19 12:56:39,754  INFO (EntryPoint.java:39) - 1. Encadenamiento hacia adelante.
2015-10-19 12:56:39,754  INFO (EntryPoint.java:40) - 2. Encadenamiento hacia atras.
2015-10-19 12:56:39,754  INFO (EntryPoint.java:41) - 3. Red Semantica.
2015-10-19 12:56:53,202  INFO (EntryPoint.java:175) - Desea usar set de datos de ejemplo precargados? (S/N)
2015-10-19 12:56:56,878  INFO (EntryPoint.java:328) - 
2015-10-19 12:56:56,878  INFO (EntryPoint.java:329) - Tipo de Relaciones del set de datos: 
2015-10-19 12:56:56,879  INFO (EntryPoint.java:240) - 1) ----es_un--->
2015-10-19 12:56:56,879  INFO (EntryPoint.java:240) - 2) ----mayor_que--->
2015-10-19 12:56:56,879  INFO (EntryPoint.java:240) - 3) ----menor_que--->
2015-10-19 12:56:56,881  INFO (EntryPoint.java:344) - 
2015-10-19 12:56:56,881  INFO (EntryPoint.java:345) - Premisas del set de datos: 
2015-10-19 12:56:56,882  INFO (EntryPoint.java:268) - 1) a
2015-10-19 12:56:56,882  INFO (EntryPoint.java:268) - 2) b
2015-10-19 12:56:56,882  INFO (EntryPoint.java:268) - 3) c
2015-10-19 12:56:56,882  INFO (EntryPoint.java:268) - 4) a1
2015-10-19 12:56:56,886  INFO (EntryPoint.java:268) - 5) b1
2015-10-19 12:57:05,140  INFO (EntryPoint.java:192) - 
2015-10-19 12:57:05,141  INFO (EntryPoint.java:193) - RED SEMANTICA CREADA: 
2015-10-19 12:57:05,142  INFO (EntryPoint.java:195) - 
2015-10-19 12:57:05,142  INFO (EntryPoint.java:196) - Red Semantica creada agrupada por premisa: 
2015-10-19 12:57:05,143  INFO (RedSemantica.java:61) - Relaciones de 'a'
2015-10-19 12:57:05,143  INFO (RedSemantica.java:63) - a----es_un--->a1
2015-10-19 12:57:05,143  INFO (RedSemantica.java:63) - a----menor_que--->b
2015-10-19 12:57:05,144  INFO (RedSemantica.java:65) - 
2015-10-19 12:57:05,144  INFO (RedSemantica.java:61) - Relaciones de 'a1'
2015-10-19 12:57:05,144  INFO (RedSemantica.java:63) - a1----es_un--->a
2015-10-19 12:57:05,144  INFO (RedSemantica.java:63) - a1----menor_que--->c
2015-10-19 12:57:05,145  INFO (RedSemantica.java:65) - 
2015-10-19 12:57:05,147  INFO (RedSemantica.java:61) - Relaciones de 'b'
2015-10-19 12:57:05,147  INFO (RedSemantica.java:63) - b----menor_que--->c
2015-10-19 12:57:05,147  INFO (RedSemantica.java:63) - b----mayor_que--->a
2015-10-19 12:57:05,147  INFO (RedSemantica.java:63) - b----mayor_que--->a1
2015-10-19 12:57:05,148  INFO (RedSemantica.java:63) - b----mayor_que--->a
2015-10-19 12:57:05,148  INFO (RedSemantica.java:63) - b----es_un--->b1
2015-10-19 12:57:05,151  INFO (RedSemantica.java:65) - 
2015-10-19 12:57:05,151  INFO (RedSemantica.java:61) - Relaciones de 'b1'
2015-10-19 12:57:05,152  INFO (RedSemantica.java:63) - b1----es_un--->b
2015-10-19 12:57:05,153  INFO (RedSemantica.java:63) - b1----mayor_que--->a
2015-10-19 12:57:05,157  INFO (RedSemantica.java:65) - 
2015-10-19 12:57:05,157  INFO (EntryPoint.java:199) - 
2015-10-19 12:57:05,157  INFO (EntryPoint.java:200) - Red Semantica creada agrupada por relacion: 
2015-10-19 12:57:05,157  INFO (RedSemantica.java:75) - Relacion de tipo 'es_un'
2015-10-19 12:57:05,158  INFO (RedSemantica.java:77) - a----es_un--->a1
2015-10-19 12:57:05,159  INFO (RedSemantica.java:77) - b----es_un--->b1
2015-10-19 12:57:05,159  INFO (RedSemantica.java:77) - b1----es_un--->b
2015-10-19 12:57:05,159  INFO (RedSemantica.java:77) - a1----es_un--->a
2015-10-19 12:57:05,159  INFO (RedSemantica.java:79) - 
2015-10-19 12:57:05,160  INFO (RedSemantica.java:75) - Relacion de tipo 'mayor_que'
2015-10-19 12:57:05,166  INFO (RedSemantica.java:77) - b----mayor_que--->a
2015-10-19 12:57:05,167  INFO (RedSemantica.java:77) - b----mayor_que--->a1
2015-10-19 12:57:05,167  INFO (RedSemantica.java:77) - b----mayor_que--->a
2015-10-19 12:57:05,167  INFO (RedSemantica.java:77) - b1----mayor_que--->a
2015-10-19 12:57:05,167  INFO (RedSemantica.java:79) - 
2015-10-19 12:57:05,168  INFO (RedSemantica.java:75) - Relacion de tipo 'menor_que'
2015-10-19 12:57:05,168  INFO (RedSemantica.java:77) - a----menor_que--->b
2015-10-19 12:57:05,169  INFO (RedSemantica.java:77) - b----menor_que--->c
2015-10-19 12:57:05,169  INFO (RedSemantica.java:77) - a1----menor_que--->c
2015-10-19 12:57:05,170  INFO (RedSemantica.java:79) - 
2015-10-19 13:00:28,008  INFO (EntryPoint.java:38) - Por favor, seleccione la modalidad para la ejecución: 
2015-10-19 13:00:28,012  INFO (EntryPoint.java:39) - 1. Encadenamiento hacia adelante.
2015-10-19 13:00:28,012  INFO (EntryPoint.java:40) - 2. Encadenamiento hacia atras.
2015-10-19 13:00:28,012  INFO (EntryPoint.java:41) - 3. Red Semantica.
2015-10-19 13:00:31,566  INFO (EntryPoint.java:175) - Desea usar set de datos de ejemplo precargados? (S/N)
2015-10-19 13:00:38,172  INFO (EntryPoint.java:328) - 
2015-10-19 13:00:38,173  INFO (EntryPoint.java:329) - Tipo de Relaciones del set de datos: 
2015-10-19 13:00:38,173  INFO (EntryPoint.java:240) - 1) ----es_un--->
2015-10-19 13:00:38,173  INFO (EntryPoint.java:240) - 2) ----mayor_que--->
2015-10-19 13:00:38,174  INFO (EntryPoint.java:240) - 3) ----menor_que--->
2015-10-19 13:00:38,175  INFO (EntryPoint.java:344) - 
2015-10-19 13:00:38,176  INFO (EntryPoint.java:345) - Premisas del set de datos: 
2015-10-19 13:00:38,176  INFO (EntryPoint.java:268) - 1) a
2015-10-19 13:00:38,176  INFO (EntryPoint.java:268) - 2) b
2015-10-19 13:00:38,176  INFO (EntryPoint.java:268) - 3) c
2015-10-19 13:00:38,177  INFO (EntryPoint.java:268) - 4) a1
2015-10-19 13:00:38,180  INFO (EntryPoint.java:268) - 5) b1
2015-10-19 13:00:38,183  INFO (EntryPoint.java:192) - 
2015-10-19 13:00:38,183  INFO (EntryPoint.java:193) - RED SEMANTICA CREADA: 
2015-10-19 13:00:38,184  INFO (EntryPoint.java:195) - 
2015-10-19 13:00:38,184  INFO (EntryPoint.java:196) - Red Semantica creada agrupada por premisa: 
2015-10-19 13:00:38,185  INFO (RedSemantica.java:61) - Relaciones de la Premisa 'a'
2015-10-19 13:00:38,185  INFO (RedSemantica.java:63) - a----es_un--->a1
2015-10-19 13:00:38,185  INFO (RedSemantica.java:63) - a----menor_que--->b
2015-10-19 13:00:38,185  INFO (RedSemantica.java:65) - 
2015-10-19 13:00:38,186  INFO (RedSemantica.java:61) - Relaciones de la Premisa 'a1'
2015-10-19 13:00:38,186  INFO (RedSemantica.java:63) - a1----es_un--->a
2015-10-19 13:00:38,186  INFO (RedSemantica.java:63) - a1----menor_que--->c
2015-10-19 13:00:38,186  INFO (RedSemantica.java:65) - 
2015-10-19 13:00:38,187  INFO (RedSemantica.java:61) - Relaciones de la Premisa 'b'
2015-10-19 13:00:38,187  INFO (RedSemantica.java:63) - b----menor_que--->c
2015-10-19 13:00:38,187  INFO (RedSemantica.java:63) - b----mayor_que--->a
2015-10-19 13:00:38,187  INFO (RedSemantica.java:63) - b----mayor_que--->a1
2015-10-19 13:00:38,187  INFO (RedSemantica.java:63) - b----mayor_que--->a
2015-10-19 13:00:38,188  INFO (RedSemantica.java:63) - b----es_un--->b1
2015-10-19 13:00:38,188  INFO (RedSemantica.java:65) - 
2015-10-19 13:00:38,189  INFO (RedSemantica.java:61) - Relaciones de la Premisa 'b1'
2015-10-19 13:00:38,189  INFO (RedSemantica.java:63) - b1----es_un--->b
2015-10-19 13:00:38,189  INFO (RedSemantica.java:63) - b1----mayor_que--->a
2015-10-19 13:00:38,189  INFO (RedSemantica.java:65) - 
2015-10-19 13:00:38,190  INFO (EntryPoint.java:199) - 
2015-10-19 13:00:38,190  INFO (EntryPoint.java:200) - Red Semantica creada agrupada por relacion: 
2015-10-19 13:00:38,190  INFO (RedSemantica.java:75) - Relacion de tipo 'es_un'
2015-10-19 13:00:38,190  INFO (RedSemantica.java:77) - a----es_un--->a1
2015-10-19 13:00:38,190  INFO (RedSemantica.java:77) - b----es_un--->b1
2015-10-19 13:00:38,191  INFO (RedSemantica.java:77) - b1----es_un--->b
2015-10-19 13:00:38,191  INFO (RedSemantica.java:77) - a1----es_un--->a
2015-10-19 13:00:38,191  INFO (RedSemantica.java:79) - 
2015-10-19 13:00:38,191  INFO (RedSemantica.java:75) - Relacion de tipo 'mayor_que'
2015-10-19 13:00:38,191  INFO (RedSemantica.java:77) - b----mayor_que--->a
2015-10-19 13:00:38,192  INFO (RedSemantica.java:77) - b----mayor_que--->a1
2015-10-19 13:00:38,192  INFO (RedSemantica.java:77) - b----mayor_que--->a
2015-10-19 13:00:38,192  INFO (RedSemantica.java:77) - b1----mayor_que--->a
2015-10-19 13:00:38,192  INFO (RedSemantica.java:79) - 
2015-10-19 13:00:38,192  INFO (RedSemantica.java:75) - Relacion de tipo 'menor_que'
2015-10-19 13:00:38,193  INFO (RedSemantica.java:77) - a----menor_que--->b
2015-10-19 13:00:38,193  INFO (RedSemantica.java:77) - b----menor_que--->c
2015-10-19 13:00:38,193  INFO (RedSemantica.java:77) - a1----menor_que--->c
2015-10-19 13:00:38,193  INFO (RedSemantica.java:79) - 
2015-10-19 13:03:49,796  INFO (EntryPoint.java:38) - Por favor, seleccione la modalidad para la ejecución: 
2015-10-19 13:03:49,800  INFO (EntryPoint.java:39) - 1. Encadenamiento hacia adelante.
2015-10-19 13:03:49,800  INFO (EntryPoint.java:40) - 2. Encadenamiento hacia atras.
2015-10-19 13:03:49,800  INFO (EntryPoint.java:41) - 3. Red Semantica.
2015-10-19 13:03:52,226  INFO (EntryPoint.java:175) - Desea usar set de datos de ejemplo precargados? (S/N)
2015-10-19 13:03:54,628  INFO (EntryPoint.java:328) - 
2015-10-19 13:03:54,628  INFO (EntryPoint.java:329) - Tipo de Relaciones del set de datos: 
2015-10-19 13:03:54,629  INFO (EntryPoint.java:240) - 1) ----es_un--->
2015-10-19 13:03:54,629  INFO (EntryPoint.java:240) - 2) ----mayor_que--->
2015-10-19 13:03:54,629  INFO (EntryPoint.java:240) - 3) ----menor_que--->
2015-10-19 13:03:54,631  INFO (EntryPoint.java:344) - 
2015-10-19 13:03:54,632  INFO (EntryPoint.java:345) - Premisas del set de datos: 
2015-10-19 13:03:54,632  INFO (EntryPoint.java:268) - 1) a
2015-10-19 13:03:54,632  INFO (EntryPoint.java:268) - 2) b
2015-10-19 13:03:54,632  INFO (EntryPoint.java:268) - 3) c
2015-10-19 13:03:54,633  INFO (EntryPoint.java:268) - 4) a1
2015-10-19 13:03:54,636  INFO (EntryPoint.java:268) - 5) b1
2015-10-19 13:03:54,638  INFO (EntryPoint.java:370) - 
2015-10-19 13:03:54,639  INFO (EntryPoint.java:371) - Relaciones del set de datos: 
2015-10-19 13:03:54,641  INFO (EntryPoint.java:192) - 
2015-10-19 13:03:54,641  INFO (EntryPoint.java:193) - RED SEMANTICA CREADA: 
2015-10-19 13:03:54,642  INFO (EntryPoint.java:195) - 
2015-10-19 13:03:54,642  INFO (EntryPoint.java:196) - Red Semantica agrupada por PREMISA: 
2015-10-19 13:03:54,643  INFO (RedSemantica.java:61) - Relaciones de la Premisa 'a'
2015-10-19 13:03:54,643  INFO (RedSemantica.java:63) - a----es_un--->a1
2015-10-19 13:03:54,644  INFO (RedSemantica.java:63) - a----menor_que--->b
2015-10-19 13:03:54,644  INFO (RedSemantica.java:65) - 
2015-10-19 13:03:54,644  INFO (RedSemantica.java:61) - Relaciones de la Premisa 'a1'
2015-10-19 13:03:54,644  INFO (RedSemantica.java:63) - a1----es_un--->a
2015-10-19 13:03:54,645  INFO (RedSemantica.java:63) - a1----menor_que--->c
2015-10-19 13:03:54,645  INFO (RedSemantica.java:65) - 
2015-10-19 13:03:54,645  INFO (RedSemantica.java:61) - Relaciones de la Premisa 'b'
2015-10-19 13:03:54,645  INFO (RedSemantica.java:63) - b----menor_que--->c
2015-10-19 13:03:54,646  INFO (RedSemantica.java:63) - b----mayor_que--->a
2015-10-19 13:03:54,646  INFO (RedSemantica.java:63) - b----mayor_que--->a1
2015-10-19 13:03:54,646  INFO (RedSemantica.java:63) - b----mayor_que--->a
2015-10-19 13:03:54,647  INFO (RedSemantica.java:63) - b----es_un--->b1
2015-10-19 13:03:54,647  INFO (RedSemantica.java:65) - 
2015-10-19 13:03:54,647  INFO (RedSemantica.java:61) - Relaciones de la Premisa 'b1'
2015-10-19 13:03:54,647  INFO (RedSemantica.java:63) - b1----es_un--->b
2015-10-19 13:03:54,648  INFO (RedSemantica.java:63) - b1----mayor_que--->a
2015-10-19 13:03:54,648  INFO (RedSemantica.java:65) - 
2015-10-19 13:03:54,648  INFO (EntryPoint.java:199) - 
2015-10-19 13:03:54,650  INFO (EntryPoint.java:200) - Red Semantica agrupada por TIPO DE RELACION: 
2015-10-19 13:03:54,650  INFO (RedSemantica.java:75) - Relacion de tipo 'es_un'
2015-10-19 13:03:54,650  INFO (RedSemantica.java:77) - a----es_un--->a1
2015-10-19 13:03:54,650  INFO (RedSemantica.java:77) - b----es_un--->b1
2015-10-19 13:03:54,651  INFO (RedSemantica.java:77) - b1----es_un--->b
2015-10-19 13:03:54,651  INFO (RedSemantica.java:77) - a1----es_un--->a
2015-10-19 13:03:54,651  INFO (RedSemantica.java:79) - 
2015-10-19 13:03:54,651  INFO (RedSemantica.java:75) - Relacion de tipo 'mayor_que'
2015-10-19 13:03:54,651  INFO (RedSemantica.java:77) - b----mayor_que--->a
2015-10-19 13:03:54,652  INFO (RedSemantica.java:77) - b----mayor_que--->a1
2015-10-19 13:03:54,652  INFO (RedSemantica.java:77) - b----mayor_que--->a
2015-10-19 13:03:54,652  INFO (RedSemantica.java:77) - b1----mayor_que--->a
2015-10-19 13:03:54,652  INFO (RedSemantica.java:79) - 
2015-10-19 13:03:54,652  INFO (RedSemantica.java:75) - Relacion de tipo 'menor_que'
2015-10-19 13:03:54,652  INFO (RedSemantica.java:77) - a----menor_que--->b
2015-10-19 13:03:54,652  INFO (RedSemantica.java:77) - b----menor_que--->c
2015-10-19 13:03:54,652  INFO (RedSemantica.java:77) - a1----menor_que--->c
2015-10-19 13:03:54,653  INFO (RedSemantica.java:79) - 
2015-10-19 13:04:30,595  INFO (EntryPoint.java:38) - Por favor, seleccione la modalidad para la ejecución: 
2015-10-19 13:04:30,599  INFO (EntryPoint.java:39) - 1. Encadenamiento hacia adelante.
2015-10-19 13:04:30,600  INFO (EntryPoint.java:40) - 2. Encadenamiento hacia atras.
2015-10-19 13:04:30,600  INFO (EntryPoint.java:41) - 3. Red Semantica.
2015-10-19 13:04:32,690  INFO (EntryPoint.java:175) - Desea usar set de datos de ejemplo precargados? (S/N)
2015-10-19 13:04:33,916  INFO (EntryPoint.java:328) - 
2015-10-19 13:04:33,917  INFO (EntryPoint.java:329) - Tipo de Relaciones del set de datos: 
2015-10-19 13:04:33,917  INFO (EntryPoint.java:240) - 1) ----es_un--->
2015-10-19 13:04:33,918  INFO (EntryPoint.java:240) - 2) ----mayor_que--->
2015-10-19 13:04:33,918  INFO (EntryPoint.java:240) - 3) ----menor_que--->
2015-10-19 13:04:33,922  INFO (EntryPoint.java:344) - 
2015-10-19 13:04:33,922  INFO (EntryPoint.java:345) - Premisas del set de datos: 
2015-10-19 13:04:33,923  INFO (EntryPoint.java:268) - 1) a
2015-10-19 13:04:33,923  INFO (EntryPoint.java:268) - 2) b
2015-10-19 13:04:33,923  INFO (EntryPoint.java:268) - 3) c
2015-10-19 13:04:33,923  INFO (EntryPoint.java:268) - 4) a1
2015-10-19 13:04:33,928  INFO (EntryPoint.java:268) - 5) b1
2015-10-19 13:04:33,929  INFO (EntryPoint.java:370) - 
2015-10-19 13:04:36,146  INFO (EntryPoint.java:371) - Relaciones del set de datos: 
2015-10-19 13:05:04,810  INFO (EntryPoint.java:38) - Por favor, seleccione la modalidad para la ejecución: 
2015-10-19 13:05:04,814  INFO (EntryPoint.java:39) - 1. Encadenamiento hacia adelante.
2015-10-19 13:05:04,814  INFO (EntryPoint.java:40) - 2. Encadenamiento hacia atras.
2015-10-19 13:05:04,815  INFO (EntryPoint.java:41) - 3. Red Semantica.
2015-10-19 13:05:06,901  INFO (EntryPoint.java:175) - Desea usar set de datos de ejemplo precargados? (S/N)
2015-10-19 13:05:08,539  INFO (EntryPoint.java:328) - 
2015-10-19 13:05:08,539  INFO (EntryPoint.java:329) - Tipo de Relaciones del set de datos: 
2015-10-19 13:05:08,540  INFO (EntryPoint.java:240) - 1) ----es_un--->
2015-10-19 13:05:08,540  INFO (EntryPoint.java:240) - 2) ----mayor_que--->
2015-10-19 13:05:08,540  INFO (EntryPoint.java:240) - 3) ----menor_que--->
2015-10-19 13:05:08,541  INFO (EntryPoint.java:344) - 
2015-10-19 13:05:08,541  INFO (EntryPoint.java:345) - Premisas del set de datos: 
2015-10-19 13:05:08,541  INFO (EntryPoint.java:268) - 1) a
2015-10-19 13:05:08,541  INFO (EntryPoint.java:268) - 2) b
2015-10-19 13:05:08,541  INFO (EntryPoint.java:268) - 3) c
2015-10-19 13:05:08,542  INFO (EntryPoint.java:268) - 4) a1
2015-10-19 13:05:08,544  INFO (EntryPoint.java:268) - 5) b1
2015-10-19 13:05:08,545  INFO (EntryPoint.java:370) - 
2015-10-19 13:05:11,595  INFO (EntryPoint.java:371) - Relaciones del set de datos: 
2015-10-19 13:05:12,729  INFO (EntryPoint.java:373) - a----es_un--->a1
2015-10-19 13:05:13,321  INFO (EntryPoint.java:373) - a----menor_que--->b
2015-10-19 13:05:13,779  INFO (EntryPoint.java:373) - b----menor_que--->c
2015-10-19 13:05:14,202  INFO (EntryPoint.java:373) - b----mayor_que--->a
2015-10-19 13:05:14,615  INFO (EntryPoint.java:373) - b----mayor_que--->a1
2015-10-19 13:05:15,006  INFO (EntryPoint.java:373) - b----mayor_que--->a
2015-10-19 13:05:15,456  INFO (EntryPoint.java:373) - b----es_un--->b1
2015-10-19 13:05:15,875  INFO (EntryPoint.java:373) - b1----es_un--->b
2015-10-19 13:05:16,285  INFO (EntryPoint.java:373) - a1----es_un--->a
2015-10-19 13:05:16,721  INFO (EntryPoint.java:373) - a1----menor_que--->c
2015-10-19 13:05:17,152  INFO (EntryPoint.java:373) - b1----mayor_que--->a
2015-10-19 13:05:20,371  INFO (EntryPoint.java:192) - 
2015-10-19 13:05:20,373  INFO (EntryPoint.java:193) - RED SEMANTICA CREADA: 
2015-10-19 13:05:20,373  INFO (EntryPoint.java:195) - 
2015-10-19 13:05:20,373  INFO (EntryPoint.java:196) - Red Semantica agrupada por PREMISA: 
2015-10-19 13:05:20,374  INFO (RedSemantica.java:61) - Relaciones de la Premisa 'a'
2015-10-19 13:05:20,374  INFO (RedSemantica.java:63) - a----es_un--->a1
2015-10-19 13:05:20,374  INFO (RedSemantica.java:63) - a----menor_que--->b
2015-10-19 13:05:20,374  INFO (RedSemantica.java:65) - 
2015-10-19 13:05:20,374  INFO (RedSemantica.java:61) - Relaciones de la Premisa 'a1'
2015-10-19 13:05:20,374  INFO (RedSemantica.java:63) - a1----es_un--->a
2015-10-19 13:05:20,375  INFO (RedSemantica.java:63) - a1----menor_que--->c
2015-10-19 13:05:20,375  INFO (RedSemantica.java:65) - 
2015-10-19 13:05:20,375  INFO (RedSemantica.java:61) - Relaciones de la Premisa 'b'
2015-10-19 13:05:20,375  INFO (RedSemantica.java:63) - b----menor_que--->c
2015-10-19 13:05:20,375  INFO (RedSemantica.java:63) - b----mayor_que--->a
2015-10-19 13:05:20,375  INFO (RedSemantica.java:63) - b----mayor_que--->a1
2015-10-19 13:05:20,375  INFO (RedSemantica.java:63) - b----mayor_que--->a
2015-10-19 13:05:20,375  INFO (RedSemantica.java:63) - b----es_un--->b1
2015-10-19 13:05:20,375  INFO (RedSemantica.java:65) - 
2015-10-19 13:05:20,376  INFO (RedSemantica.java:61) - Relaciones de la Premisa 'b1'
2015-10-19 13:05:20,376  INFO (RedSemantica.java:63) - b1----es_un--->b
2015-10-19 13:05:20,376  INFO (RedSemantica.java:63) - b1----mayor_que--->a
2015-10-19 13:05:20,376  INFO (RedSemantica.java:65) - 
2015-10-19 13:05:20,376  INFO (EntryPoint.java:199) - 
2015-10-19 13:05:20,376  INFO (EntryPoint.java:200) - Red Semantica agrupada por TIPO DE RELACION: 
2015-10-19 13:05:20,376  INFO (RedSemantica.java:75) - Relacion de tipo 'es_un'
2015-10-19 13:05:20,376  INFO (RedSemantica.java:77) - a----es_un--->a1
2015-10-19 13:05:20,377  INFO (RedSemantica.java:77) - b----es_un--->b1
2015-10-19 13:05:20,377  INFO (RedSemantica.java:77) - b1----es_un--->b
2015-10-19 13:05:20,377  INFO (RedSemantica.java:77) - a1----es_un--->a
2015-10-19 13:05:20,377  INFO (RedSemantica.java:79) - 
2015-10-19 13:05:20,379  INFO (RedSemantica.java:75) - Relacion de tipo 'mayor_que'
2015-10-19 13:05:20,380  INFO (RedSemantica.java:77) - b----mayor_que--->a
2015-10-19 13:05:20,380  INFO (RedSemantica.java:77) - b----mayor_que--->a1
2015-10-19 13:05:20,380  INFO (RedSemantica.java:77) - b----mayor_que--->a
2015-10-19 13:05:20,380  INFO (RedSemantica.java:77) - b1----mayor_que--->a
2015-10-19 13:05:20,380  INFO (RedSemantica.java:79) - 
2015-10-19 13:05:20,380  INFO (RedSemantica.java:75) - Relacion de tipo 'menor_que'
2015-10-19 13:05:20,380  INFO (RedSemantica.java:77) - a----menor_que--->b
2015-10-19 13:05:20,381  INFO (RedSemantica.java:77) - b----menor_que--->c
2015-10-19 13:05:20,387  INFO (RedSemantica.java:77) - a1----menor_que--->c
2015-10-19 13:05:20,387  INFO (RedSemantica.java:79) - 
2015-10-19 13:07:19,285  INFO (EntryPoint.java:38) - Por favor, seleccione la modalidad para la ejecución: 
2015-10-19 13:07:19,288  INFO (EntryPoint.java:39) - 1. Encadenamiento hacia adelante.
2015-10-19 13:07:19,288  INFO (EntryPoint.java:40) - 2. Encadenamiento hacia atras.
2015-10-19 13:07:19,288  INFO (EntryPoint.java:41) - 3. Red Semantica.
2015-10-19 13:07:21,666  INFO (EntryPoint.java:175) - Desea usar set de datos de ejemplo precargados? (S/N)
2015-10-19 13:07:23,694  INFO (EntryPoint.java:328) - 
2015-10-19 13:07:23,694  INFO (EntryPoint.java:329) - Tipo de Relaciones del set de datos: 
2015-10-19 13:07:23,695  INFO (EntryPoint.java:240) - 1) ----es_un--->
2015-10-19 13:07:23,695  INFO (EntryPoint.java:240) - 2) ----mayor_que--->
2015-10-19 13:07:23,695  INFO (EntryPoint.java:240) - 3) ----menor_que--->
2015-10-19 13:07:23,697  INFO (EntryPoint.java:344) - 
2015-10-19 13:07:23,698  INFO (EntryPoint.java:345) - Premisas del set de datos: 
2015-10-19 13:07:23,698  INFO (EntryPoint.java:268) - 1) a
2015-10-19 13:07:23,698  INFO (EntryPoint.java:268) - 2) b
2015-10-19 13:07:23,698  INFO (EntryPoint.java:268) - 3) c
2015-10-19 13:07:23,699  INFO (EntryPoint.java:268) - 4) a1
2015-10-19 13:07:23,702  INFO (EntryPoint.java:268) - 5) b1
2015-10-19 13:07:23,704  INFO (EntryPoint.java:374) - 
2015-10-19 13:07:29,827  INFO (EntryPoint.java:375) - Relaciones del set de datos: 
2015-10-19 13:07:29,828  INFO (EntryPoint.java:377) - a----es_un--->a1
2015-10-19 13:07:29,828  INFO (EntryPoint.java:377) - a----menor_que--->b
2015-10-19 13:07:29,829  INFO (EntryPoint.java:377) - b----menor_que--->c
2015-10-19 13:07:29,829  INFO (EntryPoint.java:377) - b----mayor_que--->a
2015-10-19 13:07:29,829  INFO (EntryPoint.java:377) - c----mayor_que--->a1
2015-10-19 13:07:29,829  INFO (EntryPoint.java:377) - b----mayor_que--->a
2015-10-19 13:07:29,830  INFO (EntryPoint.java:377) - c----es_un--->b1
2015-10-19 13:07:29,830  INFO (EntryPoint.java:377) - b1----es_un--->b
2015-10-19 13:07:29,830  INFO (EntryPoint.java:377) - a1----es_un--->a
2015-10-19 13:07:29,831  INFO (EntryPoint.java:377) - a1----menor_que--->c
2015-10-19 13:07:29,831  INFO (EntryPoint.java:377) - b1----mayor_que--->a
2015-10-19 13:07:29,831  INFO (EntryPoint.java:377) - b----mayor_que--->a1
2015-10-19 13:07:29,831  INFO (EntryPoint.java:377) - b----es_un--->b1
2015-10-19 13:07:29,834  INFO (EntryPoint.java:192) - 
2015-10-19 13:07:29,835  INFO (EntryPoint.java:193) - RED SEMANTICA CREADA: 
2015-10-19 13:07:29,835  INFO (EntryPoint.java:195) - 
2015-10-19 13:07:29,835  INFO (EntryPoint.java:196) - Red Semantica agrupada por PREMISA: 
2015-10-19 13:07:29,836  INFO (RedSemantica.java:61) - Relaciones de la Premisa 'a'
2015-10-19 13:07:29,836  INFO (RedSemantica.java:63) - a----es_un--->a1
2015-10-19 13:07:29,837  INFO (RedSemantica.java:63) - a----menor_que--->b
2015-10-19 13:07:29,837  INFO (RedSemantica.java:65) - 
2015-10-19 13:07:29,837  INFO (RedSemantica.java:61) - Relaciones de la Premisa 'a1'
2015-10-19 13:07:29,837  INFO (RedSemantica.java:63) - a1----es_un--->a
2015-10-19 13:07:29,838  INFO (RedSemantica.java:63) - a1----menor_que--->c
2015-10-19 13:07:29,838  INFO (RedSemantica.java:65) - 
2015-10-19 13:07:29,838  INFO (RedSemantica.java:61) - Relaciones de la Premisa 'b'
2015-10-19 13:07:29,838  INFO (RedSemantica.java:63) - b----menor_que--->c
2015-10-19 13:07:29,838  INFO (RedSemantica.java:63) - b----mayor_que--->a
2015-10-19 13:07:29,839  INFO (RedSemantica.java:63) - b----mayor_que--->a
2015-10-19 13:07:29,839  INFO (RedSemantica.java:63) - b----mayor_que--->a1
2015-10-19 13:07:29,840  INFO (RedSemantica.java:63) - b----es_un--->b1
2015-10-19 13:07:29,840  INFO (RedSemantica.java:65) - 
2015-10-19 13:07:29,840  INFO (RedSemantica.java:61) - Relaciones de la Premisa 'b1'
2015-10-19 13:07:29,841  INFO (RedSemantica.java:63) - b1----es_un--->b
2015-10-19 13:07:29,841  INFO (RedSemantica.java:63) - b1----mayor_que--->a
2015-10-19 13:07:29,841  INFO (RedSemantica.java:65) - 
2015-10-19 13:07:29,841  INFO (RedSemantica.java:61) - Relaciones de la Premisa 'c'
2015-10-19 13:07:29,842  INFO (RedSemantica.java:63) - c----mayor_que--->a1
2015-10-19 13:07:29,842  INFO (RedSemantica.java:63) - c----es_un--->b1
2015-10-19 13:07:29,842  INFO (RedSemantica.java:65) - 
2015-10-19 13:07:29,842  INFO (EntryPoint.java:199) - 
2015-10-19 13:07:29,842  INFO (EntryPoint.java:200) - Red Semantica agrupada por TIPO DE RELACION: 
2015-10-19 13:07:29,845  INFO (RedSemantica.java:75) - Relacion de tipo 'es_un'
2015-10-19 13:07:29,849  INFO (RedSemantica.java:77) - a----es_un--->a1
2015-10-19 13:07:29,849  INFO (RedSemantica.java:77) - c----es_un--->b1
2015-10-19 13:07:29,850  INFO (RedSemantica.java:77) - b1----es_un--->b
2015-10-19 13:07:29,850  INFO (RedSemantica.java:77) - a1----es_un--->a
2015-10-19 13:07:29,850  INFO (RedSemantica.java:77) - b----es_un--->b1
2015-10-19 13:07:29,850  INFO (RedSemantica.java:79) - 
2015-10-19 13:07:29,850  INFO (RedSemantica.java:75) - Relacion de tipo 'mayor_que'
2015-10-19 13:07:29,851  INFO (RedSemantica.java:77) - b----mayor_que--->a
2015-10-19 13:07:29,851  INFO (RedSemantica.java:77) - c----mayor_que--->a1
2015-10-19 13:07:29,851  INFO (RedSemantica.java:77) - b----mayor_que--->a
2015-10-19 13:07:29,851  INFO (RedSemantica.java:77) - b1----mayor_que--->a
2015-10-19 13:07:29,851  INFO (RedSemantica.java:77) - b----mayor_que--->a1
2015-10-19 13:07:29,851  INFO (RedSemantica.java:79) - 
2015-10-19 13:07:29,851  INFO (RedSemantica.java:75) - Relacion de tipo 'menor_que'
2015-10-19 13:07:29,852  INFO (RedSemantica.java:77) - a----menor_que--->b
2015-10-19 13:07:29,852  INFO (RedSemantica.java:77) - b----menor_que--->c
2015-10-19 13:07:29,852  INFO (RedSemantica.java:77) - a1----menor_que--->c
2015-10-19 13:07:29,852  INFO (RedSemantica.java:79) - 
2015-10-19 13:08:11,163  INFO (EntryPoint.java:38) - Por favor, seleccione la modalidad para la ejecución: 
2015-10-19 13:08:11,167  INFO (EntryPoint.java:39) - 1. Encadenamiento hacia adelante.
2015-10-19 13:08:11,167  INFO (EntryPoint.java:40) - 2. Encadenamiento hacia atras.
2015-10-19 13:08:11,167  INFO (EntryPoint.java:41) - 3. Red Semantica.
2015-10-19 13:08:13,405  INFO (EntryPoint.java:175) - Desea usar set de datos de ejemplo precargados? (S/N)
2015-10-19 13:08:15,449  INFO (EntryPoint.java:328) - 
2015-10-19 13:08:15,449  INFO (EntryPoint.java:329) - Tipo de Relaciones del set de datos: 
2015-10-19 13:08:15,450  INFO (EntryPoint.java:240) - 1) ----es_un--->
2015-10-19 13:08:15,450  INFO (EntryPoint.java:240) - 2) ----mayor_que--->
2015-10-19 13:08:15,452  INFO (EntryPoint.java:240) - 3) ----menor_que--->
2015-10-19 13:08:15,454  INFO (EntryPoint.java:344) - 
2015-10-19 13:08:15,455  INFO (EntryPoint.java:345) - Premisas del set de datos: 
2015-10-19 13:08:15,455  INFO (EntryPoint.java:268) - 1) a
2015-10-19 13:08:15,455  INFO (EntryPoint.java:268) - 2) b
2015-10-19 13:08:15,456  INFO (EntryPoint.java:268) - 3) c
2015-10-19 13:08:15,456  INFO (EntryPoint.java:268) - 4) a1
2015-10-19 13:08:15,460  INFO (EntryPoint.java:268) - 5) b1
2015-10-19 13:08:15,462  INFO (EntryPoint.java:374) - 
2015-10-19 13:08:15,463  INFO (EntryPoint.java:375) - Relaciones del set de datos: 
2015-10-19 13:08:15,463  INFO (EntryPoint.java:377) - a----es_un--->a1
2015-10-19 13:08:15,463  INFO (EntryPoint.java:377) - a----menor_que--->b
2015-10-19 13:08:15,463  INFO (EntryPoint.java:377) - b----menor_que--->c
2015-10-19 13:08:15,464  INFO (EntryPoint.java:377) - b----mayor_que--->a
2015-10-19 13:08:15,464  INFO (EntryPoint.java:377) - c----mayor_que--->a1
2015-10-19 13:08:15,464  INFO (EntryPoint.java:377) - b----mayor_que--->a
2015-10-19 13:08:15,464  INFO (EntryPoint.java:377) - c----mayor_que--->b1
2015-10-19 13:08:15,465  INFO (EntryPoint.java:377) - b1----es_un--->b
2015-10-19 13:08:15,465  INFO (EntryPoint.java:377) - a1----es_un--->a
2015-10-19 13:08:15,468  INFO (EntryPoint.java:377) - a1----menor_que--->c
2015-10-19 13:08:15,469  INFO (EntryPoint.java:377) - b1----mayor_que--->a
2015-10-19 13:08:15,469  INFO (EntryPoint.java:377) - b----mayor_que--->a1
2015-10-19 13:08:15,470  INFO (EntryPoint.java:377) - b----es_un--->b1
2015-10-19 13:08:15,472  INFO (EntryPoint.java:192) - 
2015-10-19 13:08:15,473  INFO (EntryPoint.java:193) - RED SEMANTICA CREADA: 
2015-10-19 13:08:15,473  INFO (EntryPoint.java:195) - 
2015-10-19 13:08:15,473  INFO (EntryPoint.java:196) - Red Semantica agrupada por PREMISA: 
2015-10-19 13:08:15,473  INFO (RedSemantica.java:61) - Relaciones de la Premisa 'a'
2015-10-19 13:08:15,473  INFO (RedSemantica.java:63) - a----es_un--->a1
2015-10-19 13:08:15,473  INFO (RedSemantica.java:63) - a----menor_que--->b
2015-10-19 13:08:15,474  INFO (RedSemantica.java:65) - 
2015-10-19 13:08:15,474  INFO (RedSemantica.java:61) - Relaciones de la Premisa 'a1'
2015-10-19 13:08:15,474  INFO (RedSemantica.java:63) - a1----es_un--->a
2015-10-19 13:08:15,474  INFO (RedSemantica.java:63) - a1----menor_que--->c
2015-10-19 13:08:15,474  INFO (RedSemantica.java:65) - 
2015-10-19 13:08:15,474  INFO (RedSemantica.java:61) - Relaciones de la Premisa 'b'
2015-10-19 13:08:15,474  INFO (RedSemantica.java:63) - b----menor_que--->c
2015-10-19 13:08:15,475  INFO (RedSemantica.java:63) - b----mayor_que--->a
2015-10-19 13:08:15,475  INFO (RedSemantica.java:63) - b----mayor_que--->a
2015-10-19 13:08:15,475  INFO (RedSemantica.java:63) - b----mayor_que--->a1
2015-10-19 13:08:15,475  INFO (RedSemantica.java:63) - b----es_un--->b1
2015-10-19 13:08:15,475  INFO (RedSemantica.java:65) - 
2015-10-19 13:08:15,475  INFO (RedSemantica.java:61) - Relaciones de la Premisa 'b1'
2015-10-19 13:08:15,475  INFO (RedSemantica.java:63) - b1----es_un--->b
2015-10-19 13:08:15,475  INFO (RedSemantica.java:63) - b1----mayor_que--->a
2015-10-19 13:08:15,475  INFO (RedSemantica.java:65) - 
2015-10-19 13:08:15,476  INFO (RedSemantica.java:61) - Relaciones de la Premisa 'c'
2015-10-19 13:08:15,476  INFO (RedSemantica.java:63) - c----mayor_que--->a1
2015-10-19 13:08:15,476  INFO (RedSemantica.java:63) - c----mayor_que--->b1
2015-10-19 13:08:15,476  INFO (RedSemantica.java:65) - 
2015-10-19 13:08:15,476  INFO (EntryPoint.java:199) - 
2015-10-19 13:08:15,476  INFO (EntryPoint.java:200) - Red Semantica agrupada por TIPO DE RELACION: 
2015-10-19 13:08:15,478  INFO (RedSemantica.java:75) - Relacion de tipo 'es_un'
2015-10-19 13:08:15,478  INFO (RedSemantica.java:77) - a----es_un--->a1
2015-10-19 13:08:15,478  INFO (RedSemantica.java:77) - b1----es_un--->b
2015-10-19 13:08:15,478  INFO (RedSemantica.java:77) - a1----es_un--->a
2015-10-19 13:08:15,479  INFO (RedSemantica.java:77) - b----es_un--->b1
2015-10-19 13:08:15,480  INFO (RedSemantica.java:79) - 
2015-10-19 13:08:15,480  INFO (RedSemantica.java:75) - Relacion de tipo 'mayor_que'
2015-10-19 13:08:15,480  INFO (RedSemantica.java:77) - b----mayor_que--->a
2015-10-19 13:08:15,480  INFO (RedSemantica.java:77) - c----mayor_que--->a1
2015-10-19 13:08:15,480  INFO (RedSemantica.java:77) - b----mayor_que--->a
2015-10-19 13:08:15,480  INFO (RedSemantica.java:77) - c----mayor_que--->b1
2015-10-19 13:08:15,480  INFO (RedSemantica.java:77) - b1----mayor_que--->a
2015-10-19 13:08:15,480  INFO (RedSemantica.java:77) - b----mayor_que--->a1
2015-10-19 13:08:15,480  INFO (RedSemantica.java:79) - 
2015-10-19 13:08:15,481  INFO (RedSemantica.java:75) - Relacion de tipo 'menor_que'
2015-10-19 13:08:15,481  INFO (RedSemantica.java:77) - a----menor_que--->b
2015-10-19 13:08:15,481  INFO (RedSemantica.java:77) - b----menor_que--->c
2015-10-19 13:08:15,481  INFO (RedSemantica.java:77) - a1----menor_que--->c
2015-10-19 13:08:15,481  INFO (RedSemantica.java:79) - 
